<?xml version="1.0" encoding="UTF-8"?>
<!-- Generated by org.testng.reporters.JUnitXMLReporter -->
<testsuite ignored="0" hostname="DESKTOP-H0PI4DT" failures="0" tests="4" name="WIN_Test" time="19.781" errors="0" timestamp="2022-07-14T10:23:22 IST">
  <testcase classname="gridExample.HRMLoginTest" name="login" time="3.685"/>
  <testcase classname="gridExample.HRMLoginTest" name="login" time="4.959"/>
  <testcase classname="gridExample.HRMLoginTest" name="logout" time="2.842"/>
  <testcase classname="gridExample.HRMLoginTest" name="logout" time="1.825"/>
</testsuite> <!-- WIN_Test -->
