<?xml version="1.0" encoding="UTF-8"?>
<testng-results ignored="0" total="1" passed="1" failed="0" skipped="0">
  <reporter-output>
  </reporter-output>
  <suite started-at="2022-07-15T10:02:10 IST" name="Suite" finished-at="2022-07-15T10:02:24 IST" duration-ms="13937">
    <groups>
    </groups>
    <test started-at="2022-07-15T10:02:10 IST" name="Test" finished-at="2022-07-15T10:02:24 IST" duration-ms="13937">
      <class name="tests.LoginTest">
        <test-method is-config="true" signature="launchApp()[pri:0, instance:tests.LoginTest@72967906]" started-at="2022-07-15T10:02:10 IST" name="launchApp" finished-at="2022-07-15T10:02:14 IST" duration-ms="4485" status="PASS">
          <reporter-output>
          </reporter-output>
        </test-method> <!-- launchApp -->
        <test-method signature="verifyLoginFeature()[pri:0, instance:tests.LoginTest@72967906]" started-at="2022-07-15T10:02:14 IST" name="verifyLoginFeature" finished-at="2022-07-15T10:02:18 IST" duration-ms="4176" status="PASS">
          <reporter-output>
          </reporter-output>
        </test-method> <!-- verifyLoginFeature -->
        <test-method is-config="true" signature="closeApp()[pri:0, instance:tests.LoginTest@72967906]" started-at="2022-07-15T10:02:18 IST" name="closeApp" finished-at="2022-07-15T10:02:24 IST" duration-ms="5191" status="PASS">
          <reporter-output>
          </reporter-output>
        </test-method> <!-- closeApp -->
      </class> <!-- tests.LoginTest -->
    </test> <!-- Test -->
  </suite> <!-- Suite -->
</testng-results>
